0 info it worked if it ends with ok
1 verbose cli [ 'node', '/usr/bin/npm', 'start' ]
2 info using npm@2.9.1
3 info using node@v0.10.38
4 verbose node symlink /usr/bin/node
5 verbose run-script [ 'prestart', 'start', 'poststart' ]
6 info prestart mrzool.cc@1.0.0
7 info start mrzool.cc@1.0.0
8 verbose unsafe-perm in lifecycle true
9 info mrzool.cc@1.0.0 Failed to exec start script
10 verbose stack Error: mrzool.cc@1.0.0 start: `jekyll build -w && gulp`
10 verbose stack spawn ENOENT
10 verbose stack     at ChildProcess.<anonymous> (/usr/lib/node_modules/npm/lib/utils/spawn.js:17:16)
10 verbose stack     at ChildProcess.emit (events.js:98:17)
10 verbose stack     at maybeClose (child_process.js:766:16)
10 verbose stack     at Process.ChildProcess._handle.onexit (child_process.js:833:5)
11 verbose pkgid mrzool.cc@1.0.0
12 verbose cwd /home/zool/repos/mrzool.github.io
13 error Linux 3.2.0-4-amd64
14 error argv "node" "/usr/bin/npm" "start"
15 error node v0.10.38
16 error npm  v2.9.1
17 error file sh
18 error code ELIFECYCLE
19 error errno ENOENT
20 error syscall spawn
21 error mrzool.cc@1.0.0 start: `jekyll build -w && gulp`
21 error spawn ENOENT
22 error Failed at the mrzool.cc@1.0.0 start script 'jekyll build -w && gulp'.
22 error This is most likely a problem with the mrzool.cc package,
22 error not with npm itself.
22 error Tell the author that this fails on your system:
22 error     jekyll build -w && gulp
22 error You can get their info via:
22 error     npm owner ls mrzool.cc
22 error There is likely additional logging output above.
23 verbose exit [ 1, true ]
